Scene: /home/lambda/catkin_ws/src/jiaming_manipulation/fetch_coppeliasim/scene
Date: 2023-02-19 11:37:22.497086
Run 0: False
Target object name: hammer
Distance between finger and target object: 0.8114339159783747
Z difference between target object and initial pose: -0.47
CONTROLLER_FAILURE_FLAG: False
NO_GRASP_FLAG: True
NO_SOLUTION_FLAG: False
Run 1: True
Target object name: hammer
Distance between finger and target object: 0.06017474553332153
Z difference between target object and initial pose: 0.14600000000000002
CONTROLLER_FAILURE_FLAG: False
NO_GRASP_FLAG: False
NO_SOLUTION_FLAG: False
Run 2: True
Target object name: hammer
Distance between finger and target object: 0.07785884663928695
Z difference between target object and initial pose: 0.133
CONTROLLER_FAILURE_FLAG: False
NO_GRASP_FLAG: False
NO_SOLUTION_FLAG: False
Run 3: False
Target object name: hammer
Distance between finger and target object: 1.3422481141726368
Z difference between target object and initial pose: 0.0
CONTROLLER_FAILURE_FLAG: False
NO_GRASP_FLAG: True
NO_SOLUTION_FLAG: False
Run 4: True
Target object name: hammer
Distance between finger and target object: 0.08142481194328915
Z difference between target object and initial pose: 0.131
CONTROLLER_FAILURE_FLAG: False
NO_GRASP_FLAG: False
NO_SOLUTION_FLAG: False
Scene: /home/lambda/catkin_ws/src/jiaming_manipulation/fetch_coppeliasim/scene
Date: 2023-02-19 11:49:53.179790
Run 0: True
Target object name: hammer
Distance between finger and target object: 0.05247856705360775
Z difference between target object and initial pose: 0.14700000000000002
CONTROLLER_FAILURE_FLAG: False
NO_GRASP_FLAG: False
NO_SOLUTION_FLAG: False
Run 1: False
Target object name: hammer
Distance between finger and target object: 1.3422481141726368
Z difference between target object and initial pose: 0.0
CONTROLLER_FAILURE_FLAG: False
NO_GRASP_FLAG: True
NO_SOLUTION_FLAG: False
Run 2: False
Target object name: hammer
Distance between finger and target object: 0.8668523519031369
Z difference between target object and initial pose: -0.0010000000000000009
CONTROLLER_FAILURE_FLAG: False
NO_GRASP_FLAG: True
NO_SOLUTION_FLAG: False
Run 3: True
Target object name: hammer
Distance between finger and target object: 0.10135580891098446
Z difference between target object and initial pose: 0.1100000000000001
CONTROLLER_FAILURE_FLAG: False
NO_GRASP_FLAG: False
NO_SOLUTION_FLAG: False
Run 4: True
Target object name: hammer
Distance between finger and target object: 0.04720169488482374
Z difference between target object and initial pose: 0.15200000000000002
CONTROLLER_FAILURE_FLAG: False
NO_GRASP_FLAG: False
NO_SOLUTION_FLAG: False
