Scene: tableroom_12
Scene path: /home/lambda/catkin_ws/src/jiaming_manipulation/fetch_coppeliasim/scene/tableroom_12.ttt
Date: 2023-02-28 06:32:46.885574
Experiment type: Constant weight
Target object: holetool
Planner type: No regrasp
Run 0: False
Z difference between target object and initial pose: -0.58
Difference in rotation: 0.8182837004683189
Run 1: False
Z difference between target object and initial pose: -0.5499999999999999
Difference in rotation: 0.07911742736533575
Run 2: True
Z difference between target object and initial pose: -0.0010000000000000009
Difference in rotation: 1.99965582706599
Run 3: True
Z difference between target object and initial pose: 0.0
Difference in rotation: 0.06712294947503494
Run 4: True
Z difference between target object and initial pose: -0.0010000000000000009
Difference in rotation: 0.09043117316191487
Planner type: With rerasp
Run 0: True
Z difference between target object and initial pose: -0.0010000000000000009
Difference in rotation: 0.027181990213325898
Run 1: True
Z difference between target object and initial pose: 0.0
Difference in rotation: 0.04547729319345252
Run 2: False
Z difference between target object and initial pose: -0.5499999999999999
Difference in rotation: None
Run 3: False
Z difference between target object and initial pose: -0.58
Difference in rotation: 0.6980560978891822
Run 4: True
Z difference between target object and initial pose: 0.0
Difference in rotation: 0.029093254976480385
All experiments are done for scene tableroom_12
Date: 2023-02-28 06:45:07.001893
===========================================Scene: tableroom_13
Scene path: /home/lambda/catkin_ws/src/jiaming_manipulation/fetch_coppeliasim/scene/tableroom_13.ttt
Date: 2023-02-28 06:45:22.152098
Experiment type: Constant weight
Target object: axe
Planner type: No regrasp
Run 0: False
Z difference between target object and initial pose: -0.5499999999999999
Difference in rotation: None
Run 1: False
Z difference between target object and initial pose: -0.5499999999999999
Difference in rotation: None
Run 2: False
Z difference between target object and initial pose: -0.5389999999999999
Difference in rotation: 1.4321210825037043
Run 3: False
Z difference between target object and initial pose: -0.5499999999999999
Difference in rotation: None
Run 4: False
Z difference between target object and initial pose: -0.5389999999999999
Difference in rotation: 1.4373944970150498
Planner type: With rerasp
Run 0: False
Z difference between target object and initial pose: -0.5499999999999999
Difference in rotation: None
Run 1: False
Z difference between target object and initial pose: -0.5499999999999999
Difference in rotation: None
Run 2: False
Z difference between target object and initial pose: -0.5499999999999999
Difference in rotation: None
