Scene: tableroom_16
Scene path: /home/lambda/catkin_ws/src/jiaming_manipulation/fetch_coppeliasim/scene/tableroom_16.ttt
Date: 2023-03-01 10:19:14.798982
Experiment type: Constant weight
Target object: dispenser
Planner type: No regrasp
Run 0: True
Z difference between target object and initial pose: -0.01100000000000001
Difference in rotation: 0.2805964880448751
Run 1: False
Z difference between target object and initial pose: -0.55
Difference in rotation: None
Run 2: False
Z difference between target object and initial pose: -0.55
Difference in rotation: None
Run 3: False
Z difference between target object and initial pose: -0.55
Difference in rotation: None
Run 4: False
Z difference between target object and initial pose: -0.55
Difference in rotation: None
Planner type: With rerasp
Run 0: True
Z difference between target object and initial pose: -0.0010000000000000009
Difference in rotation: 0.042580795184332026
Run 1: True
Z difference between target object and initial pose: -0.0040000000000000036
Difference in rotation: 0.05717699027810801
Run 2: True
Z difference between target object and initial pose: 0.0019999999999998908
Difference in rotation: 0.01308219372171937
Run 3: True
Z difference between target object and initial pose: 0.0009999999999998899
Difference in rotation: 0.02706620881433358
Run 4: True
Z difference between target object and initial pose: 0.0009999999999998899
Difference in rotation: 0.03999860675676992
All experiments are done for scene tableroom_16
Date: 2023-03-01 10:29:01.733125
===========================================Scene: tableroom_17
Scene path: /home/lambda/catkin_ws/src/jiaming_manipulation/fetch_coppeliasim/scene/tableroom_17.ttt
Date: 2023-03-01 12:49:40.112863
Experiment type: Constant weight
Target object: remote
Planner type: No regrasp
Run 0: False
Z difference between target object and initial pose: -0.5499999999999999
Difference in rotation: None
Run 1: False
Z difference between target object and initial pose: -0.5499999999999999
Difference in rotation: None
Run 2: True
Z difference between target object and initial pose: -0.05699999999999994
Difference in rotation: 0.5704491272311696
Run 3: False
Z difference between target object and initial pose: -0.10099999999999998
Difference in rotation: 1.4182834559648727
Run 4: False
Z difference between target object and initial pose: -0.10499999999999998
Difference in rotation: 1.4709452549514976
Planner type: With rerasp
Run 0: False
Z difference between target object and initial pose: -0.5499999999999999
Difference in rotation: None
Run 1: True
Z difference between target object and initial pose: -0.0050000000000000044
Difference in rotation: 0.15367352408804563
Run 2: True
Z difference between target object and initial pose: -0.0050000000000000044
Difference in rotation: 0.17137712545944764
Run 3: True
Z difference between target object and initial pose: -0.0010000000000000009
Difference in rotation: 0.07581136226191282
Run 4: False
Z difference between target object and initial pose: -0.5499999999999999
Difference in rotation: None
All experiments are done for scene tableroom_17
Date: 2023-03-01 13:10:27.032148
===========================================